// GTA V SCRIPT HOOK (build Feb  5 2023, v1.0.2824.0)
//     (C) Alexander Blade 2015-2023
[05:17:31] INIT: Started
[05:17:31] INIT: Success, game version is VER_1_0_2824_0
[05:17:31] INIT: Registering script 'Menyoo.asi' (0x000007FE589EBFB0)
[05:17:31] INIT: Registering additional script thread 'Menyoo.asi' (0x000007FE589FB850)
[05:17:31] INIT: Registering script 'ScriptHookVDotNet.asi' (0x000007FE5E521580)
[05:17:35] INIT: Pool 1 extended
[05:17:35] INIT: Pool 2 extended
[05:17:35] INIT: Pool 3 extended
[05:17:35] INIT: Pool 4 extended
[05:17:40] INIT: GtaThread collection size 189
[05:17:40] INIT: wnd proc 0x00000000FFFF1407
[05:17:40] INIT: IDXGISwapChain 0x000007FEEECB5AE0 (0x000007FEEECDB2F8)
[05:17:40] INIT: IDXGISwapChain set
[05:17:40] INIT: DX init started
[05:17:40] INIT: DX feature level B000
[05:17:40] INIT: DX init succeeded
[05:18:04] CORE: Requesting thread creation
[05:18:04] CORE: Creating threads
[05:18:06] CORE: Started control thread, id 36 active 1
[05:18:06] CORE: Started thread 'Menyoo.asi' (0x000007FE589EBFB0), id 37 active 1
[05:18:06] CORE: Started thread 'Menyoo.asi' (0x000007FE589FB850), id 38 active 1
[05:18:06] CORE: Started thread 'ScriptHookVDotNet.asi' (0x000007FE5E521580), id 39 active 1
[05:18:06] CORE: Launching main() for 'Menyoo.asi' (0x000007FE589EBFB0), id 37
[05:18:06] CORE: Creating texture 'S:\SteamLibrary\steamapps\common\Grand Theft Auto V\menyooStuff\Graphics\Speedo\needle_orange.png', id 0
[05:18:06] CORE: Creating texture 'S:\SteamLibrary\steamapps\common\Grand Theft Auto V\menyooStuff\Graphics\Speedo\night_needle_orange.png', id 1
[05:18:06] CORE: Creating texture 'S:\SteamLibrary\steamapps\common\Grand Theft Auto V\menyooStuff\Graphics\Speedo\needle_red.png', id 2
[05:18:06] CORE: Creating texture 'S:\SteamLibrary\steamapps\common\Grand Theft Auto V\menyooStuff\Graphics\Speedo\night_needle_red.png', id 3
[05:18:06] CORE: Creating texture 'S:\SteamLibrary\steamapps\common\Grand Theft Auto V\menyooStuff\Graphics\Speedo\bg_cyan2.png', id 4
[05:18:06] CORE: Creating texture 'S:\SteamLibrary\steamapps\common\Grand Theft Auto V\menyooStuff\Graphics\Speedo\bg_green2.png', id 5
[05:18:06] CORE: Creating texture 'S:\SteamLibrary\steamapps\common\Grand Theft Auto V\menyooStuff\Graphics\Speedo\bg_yellow2.png', id 6
[05:18:06] CORE: Creating texture 'S:\SteamLibrary\steamapps\common\Grand Theft Auto V\menyooStuff\Graphics\Speedo\bg_orange2.png', id 7
[05:18:06] CORE: Creating texture 'S:\SteamLibrary\steamapps\common\Grand Theft Auto V\menyooStuff\Graphics\Speedo\bg_purple2.png', id 8
[05:18:06] CORE: Creating texture 'S:\SteamLibrary\steamapps\common\Grand Theft Auto V\menyooStuff\Graphics\Speedo\bg_pink2.png', id 9
[05:18:06] CORE: Creating texture 'S:\SteamLibrary\steamapps\common\Grand Theft Auto V\menyooStuff\Graphics\Speedo\bg_cyan.png', id 10
[05:18:06] CORE: Creating texture 'S:\SteamLibrary\steamapps\common\Grand Theft Auto V\menyooStuff\Graphics\Speedo\bg_green.png', id 11
[05:18:06] CORE: Creating texture 'S:\SteamLibrary\steamapps\common\Grand Theft Auto V\menyooStuff\Graphics\Speedo\bg_yellow.png', id 12
[05:18:06] CORE: Creating texture 'S:\SteamLibrary\steamapps\common\Grand Theft Auto V\menyooStuff\Graphics\Speedo\bg_orange.png', id 13
[05:18:06] CORE: Creating texture 'S:\SteamLibrary\steamapps\common\Grand Theft Auto V\menyooStuff\Graphics\Speedo\bg_purple.png', id 14
[05:18:06] CORE: Creating texture 'S:\SteamLibrary\steamapps\common\Grand Theft Auto V\menyooStuff\Graphics\Speedo\bg_pink.png', id 15
[05:18:06] CORE: Creating texture 'S:\SteamLibrary\steamapps\common\Grand Theft Auto V\menyooStuff\Graphics\Clock\Default_face.png', id 16
[05:18:06] CORE: Creating texture 'S:\SteamLibrary\steamapps\common\Grand Theft Auto V\menyooStuff\Graphics\Clock\Default_handh.png', id 17
[05:18:06] CORE: Creating texture 'S:\SteamLibrary\steamapps\common\Grand Theft Auto V\menyooStuff\Graphics\Clock\Default_handm.png', id 18
[05:18:06] CORE: Creating texture 'S:\SteamLibrary\steamapps\common\Grand Theft Auto V\menyooStuff\Graphics\Clock\Frameless_face.png', id 19
[05:18:06] CORE: Creating texture 'S:\SteamLibrary\steamapps\common\Grand Theft Auto V\menyooStuff\Graphics\Clock\Frameless_handh.png', id 20
[05:18:06] CORE: Creating texture 'S:\SteamLibrary\steamapps\common\Grand Theft Auto V\menyooStuff\Graphics\Clock\Frameless_handm.png', id 21
[05:18:06] CORE: Creating texture 'S:\SteamLibrary\steamapps\common\Grand Theft Auto V\menyooStuff\Graphics\teleportToWaypointBoxKeyboard.png', id 22
[05:18:06] CORE: Creating texture 'S:\SteamLibrary\steamapps\common\Grand Theft Auto V\menyooStuff\Graphics\teleportToWaypointBoxGamepad.png', id 23
[05:18:06] CORE: Launching main() for 'Menyoo.asi' (0x000007FE589FB850), id 38
[05:18:06] CORE: Launching main() for 'ScriptHookVDotNet.asi' (0x000007FE5E521580), id 39
[05:42:34] UNINIT: Unregistering script 'ScriptHookVDotNet.asi'
[05:42:34] UNINIT: Unregistering script 'Menyoo.asi'
